31-07-2013 11-20  execute
31-07-2013 11-20  execute: eZPaymentGatewayType::GATEWAY_NOT_SELECTED
31-07-2013 11-20  selectGateway: ezpaypal
31-07-2013 11-20  createGateway. gateway_difinition: array(2) {
  ["class_name"]=>
  string(15) "ezpaypalgateway"
  ["description"]=>
  string(6) "Paypal"
}

31-07-2013 11-21  execute
31-07-2013 11-21  createGateway. gateway_difinition: array(2) {
  ["class_name"]=>
  string(15) "ezpaypalgateway"
  ["description"]=>
  string(6) "Paypal"
}

31-07-2013 11-21  createGateway. gateway_difinition: array(2) {
  ["class_name"]=>
  string(15) "ezpaypalgateway"
  ["description"]=>
  string(6) "Paypal"
}

13-08-2013 15-52  execute
13-08-2013 15-52  execute: eZPaymentGatewayType::GATEWAY_NOT_SELECTED
13-08-2013 15-52  selectGateway: ezpaypal
13-08-2013 15-52  createGateway. gateway_difinition: array(2) {
  ["class_name"]=>
  string(15) "ezpaypalgateway"
  ["description"]=>
  string(6) "Paypal"
}

13-08-2013 15-53  execute
13-08-2013 15-53  createGateway. gateway_difinition: array(2) {
  ["class_name"]=>
  string(15) "ezpaypalgateway"
  ["description"]=>
  string(6) "Paypal"
}

13-08-2013 15-53  createGateway. gateway_difinition: array(2) {
  ["class_name"]=>
  string(15) "ezpaypalgateway"
  ["description"]=>
  string(6) "Paypal"
}

14-08-2013 02-57  execute
14-08-2013 02-57  execute: eZPaymentGatewayType::GATEWAY_NOT_SELECTED
14-08-2013 02-57  selectGateway: ezpaypal
14-08-2013 02-57  createGateway. gateway_difinition: array(2) {
  ["class_name"]=>
  string(15) "ezpaypalgateway"
  ["description"]=>
  string(6) "Paypal"
}

14-08-2013 03-02  execute
14-08-2013 03-02  createGateway. gateway_difinition: array(2) {
  ["class_name"]=>
  string(15) "ezpaypalgateway"
  ["description"]=>
  string(6) "Paypal"
}

14-08-2013 03-02  createGateway. gateway_difinition: array(2) {
  ["class_name"]=>
  string(15) "ezpaypalgateway"
  ["description"]=>
  string(6) "Paypal"
}

